docker :  Image docker-siem-portal Building 
строка:1 знак:1
+ docker compose -f "c:\Users\Admin\Проекты\siem-lite\deploy\docker\doc ...
+ ~~~~~~~~~~~~~~~~~~~~~~~~~~~~~~~~~~~~~~~~~~~~~~~~~~~~~~~~~~~~~~~~~~~~~
    + CategoryInfo          : NotSpecified: ( Image docker-siem-portal Building :String) [], RemoteException
    + FullyQualifiedErrorId : NativeCommandError
 
 Image docker-correlator Building 
 Image docker-case-management Building 
#1 [internal] load local bake definitions
#1 reading from stdin 1.53kB 0.0s done
#1 DONE 0.0s

#2 [internal] load build definition from Dockerfile.portal
#2 transferring dockerfile: 1.31kB done
#2 DONE 0.0s

#3 [internal] load metadata for docker.io/library/rust:1.88-slim-bookworm
#3 DONE 0.1s

#4 [internal] load metadata for docker.io/library/debian:bookworm-slim
#4 ...

#5 [auth] library/node:pull token for registry-1.docker.io
#5 DONE 0.0s

#6 [auth] library/debian:pull token for registry-1.docker.io
#6 DONE 0.0s

#7 [internal] load metadata for docker.io/library/node:22-alpine
#7 ...

#4 [internal] load metadata for docker.io/library/debian:bookworm-slim
#4 DONE 1.1s

#7 [internal] load metadata for docker.io/library/node:22-alpine
#7 DONE 1.2s

#8 [internal] load .dockerignore
#8 transferring context: 105B 0.0s done
#8 DONE 0.0s

#9 [internal] load build context
#9 DONE 0.0s

#10 [webbuild 1/6] FROM docker.io/library/node:22-alpine@sha256:8ea2348b068a9544dae7317b4f3aafcdc032df1647bb7d768a05a5cad1a7683f
#10 resolve docker.io/library/node:22-alpine@sha256:8ea2348b068a9544dae7317b4f3aafcdc032df1647bb7d768a05a5cad1a7683f 0.1s done
#10 DONE 0.1s

#11 [builder  1/12] FROM docker.io/library/rust:1.88-slim-bookworm@sha256:38bc5a86d998772d4aec2348656ed21438d20fcdce2795b56ca434cf21430d89
#11 resolve docker.io/library/rust:1.88-slim-bookworm@sha256:38bc5a86d998772d4aec2348656ed21438d20fcdce2795b56ca434cf21430d89
#11 resolve docker.io/library/rust:1.88-slim-bookworm@sha256:38bc5a86d998772d4aec2348656ed21438d20fcdce2795b56ca434cf21430d89 0.1s done
#11 DONE 0.1s

#12 [stage-2 1/3] FROM docker.io/library/debian:bookworm-slim@sha256:4724b8cc51e33e398f0e2e15e18d5ec2851ff0c2280647e1310bc1642182655d
#12 resolve docker.io/library/debian:bookworm-slim@sha256:4724b8cc51e33e398f0e2e15e18d5ec2851ff0c2280647e1310bc1642182655d 0.1s done
#12 DONE 0.1s

#9 [internal] load build context
#9 transferring context: 809.70kB 0.1s done
#9 DONE 0.2s

#13 [webbuild 2/6] WORKDIR /web
#13 CACHED

#14 [webbuild 3/6] COPY siem-portal/web/package.json siem-portal/web/package-lock.json ./
#14 CACHED

#15 [webbuild 4/6] RUN npm ci
#15 CACHED

#16 [webbuild 5/6] COPY siem-portal/web/ ./
#16 DONE 0.3s

#17 [webbuild 6/6] RUN npm run build
#17 1.320 
#17 1.320 > siem-portal-web@1.0.0 prebuild
#17 1.320 > node ./scripts/clean-static.mjs
#17 1.320 
#17 1.373 
#17 1.373 > siem-portal-web@1.0.0 build
#17 1.373 > vite build
#17 1.373 
#17 1.723 vite v5.4.21 building for production...
#17 1.782 transforming...
#17 6.096 тЬУ 680 modules transformed.
#17 6.438 rendering chunks...
#17 6.663 computing gzip size...
#17 6.694 ../static/index.html                                   0.58 kB тФВ gzip:   0.33 kB
#17 6.694 ../static/assets/index-pA9L8LT0.css                   43.74 kB тФВ gzip:   8.30 kB
#17 6.694 ../static/assets/LiveNumbers-DjSZHpmX.js               1.32 kB тФВ gzip:   0.54 kB
#17 6.694 ../static/assets/AdaptivePaneLayout-Cc7w2Nq1.js        2.39 kB тФВ gzip:   1.19 kB
#17 6.694 ../static/assets/topics-DnOt60C4.js                    3.32 kB тФВ gzip:   1.30 kB
#17 6.695 ../static/assets/DataQualityPage-EXESs25v.js           7.01 kB тФВ gzip:   2.24 kB
#17 6.695 ../static/assets/InfrastructurePage-xU0adiCH.js        9.58 kB тФВ gzip:   2.82 kB
#17 6.695 ../static/assets/OperationsPage-DTd-NmRa.js            9.66 kB тФВ gzip:   2.83 kB
#17 6.695 ../static/assets/CaseDetail-D4DjrNkT.js               11.06 kB тФВ gzip:   3.02 kB
#17 6.695 ../static/assets/DashboardsPage-C8O4A4J2.js           11.88 kB тФВ gzip:   3.37 kB
#17 6.695 ../static/assets/ValidationPage-rUvOnqto.js           12.22 kB тФВ gzip:   3.81 kB
#17 6.695 
#17 6.695 (!) Some chunks are larger than 500 kB after minification. Consider:
#17 6.695 - Using dynamic import() to code-split the application
#17 6.695 - Use build.rollupOptions.output.manualChunks to improve chunking: https://rollupjs.org/configuration-options/#output-manualchunks
#17 6.695 - Adjust chunk size limit for this warning via build.chunkSizeWarningLimit.
#17 6.697 ../static/assets/InvestigationWorkbench-C274FWlZ.js   12.60 kB тФВ gzip:   3.74 kB
#17 6.697 ../static/assets/CasesList-CUvTYDq7.js                13.89 kB тФВ gzip:   3.93 kB
#17 6.697 ../static/assets/OverviewPage-BWK_Emw3.js             14.75 kB тФВ gzip:   4.46 kB
#17 6.697 ../static/assets/index--J98SqGo.js                    16.36 kB тФВ gzip:   5.16 kB
#17 6.697 ../static/assets/AlertsPage-BmE_3iDR.js               18.08 kB тФВ gzip:   5.03 kB
#17 6.697 ../static/assets/DetectionsPage-nj5vDldp.js           19.32 kB тФВ gzip:   5.42 kB
#17 6.697 ../static/assets/EventsPage-D6GGvdla.js               22.87 kB тФВ gzip:   6.14 kB
#17 6.697 ../static/assets/index-BwRYsnUO.js                    80.16 kB тФВ gzip:  22.31 kB
#17 6.697 ../static/assets/vendor-react-Cswv-jh1.js            165.62 kB тФВ gzip:  53.92 kB
#17 6.697 ../static/assets/vendor-echarts-BRNR7SEL.js          609.37 kB тФВ gzip: 205.39 kB
#17 6.697 тЬУ built in 4.94s
#17 DONE 6.9s

#18 [builder  4/12] COPY siem-portal/Cargo.toml siem-portal/Cargo.lock* ./
#18 CACHED

#19 [builder  5/12] RUN mkdir -p src static && echo "fn main(){}" > src/main.rs
#19 CACHED

#20 [builder  6/12] RUN cargo build --release 2>&1 || true
#20 CACHED

#21 [builder  7/12] RUN rm -rf src static
#21 CACHED

#22 [builder  2/12] WORKDIR /build
#22 CACHED

#23 [builder  3/12] RUN apt-get update && apt-get install -y --no-install-recommends     pkg-config libssl-dev ca-certificates     && rm -rf /var/lib/apt/lists/*
#23 CACHED

#24 [builder  8/12] COPY siem-portal/src ./src
#24 CACHED

#25 [builder  9/12] COPY --from=webbuild /static ./static
#25 DONE 0.1s

#26 [builder 10/12] RUN touch src/main.rs
#26 DONE 0.3s

#27 [builder 11/12] RUN cargo build --release 2>&1
#27 1.308    Compiling siem-portal v0.1.0 (/build)
#27 11.40     Finished `release` profile [optimized] target(s) in 10.88s
#27 DONE 11.5s

#28 [builder 12/12] RUN test -x target/release/siem-portal
#28 DONE 0.4s

#29 [stage-2 2/3] RUN apt-get update && apt-get install -y --no-install-recommends     ca-certificates wget     && rm -rf /var/lib/apt/lists/*
#29 CACHED

#30 [stage-2 3/3] COPY --from=builder /build/target/release/siem-portal /usr/local/bin/siem-portal
#30 DONE 0.1s

#31 exporting to image
#31 exporting layers
#31 exporting layers 0.5s done
#31 exporting manifest sha256:1d0ac35935e8c1f278702a7f0489532f4491c6d94663daba24a553f791154eec 0.0s done
#31 exporting config sha256:e58fff8521d0dfe119f254bb402cf67120e5d15f4e45a1a37b5d496738c44cc4 0.0s done
#31 exporting attestation manifest sha256:17be19fc62c0d83301cc45b0b90a3ed6eda9073e5bfb4c306ca07c9565fe9e8c 0.1s done
#31 exporting manifest list sha256:8142bb631dfc583cd4c73cf29ddfba325d56164688033dba09cb2a2ad74f06f8
#31 exporting manifest list sha256:8142bb631dfc583cd4c73cf29ddfba325d56164688033dba09cb2a2ad74f06f8 0.0s done
#31 naming to docker.io/library/docker-siem-portal:latest done
#31 unpacking to docker.io/library/docker-siem-portal:latest 0.1s done
#31 DONE 0.8s

#32 resolving provenance for metadata file
#32 DONE 0.0s
 Image docker-siem-portal Built 
